This is pdfTeX, Version 3.141592653-2.6-1.40.22 (MiKTeX 21.6) (preloaded format=pdflatex 2021.8.13)  15 AUG 2021 05:58
entering extended mode
**./lestradespecificationrewrite.tex
(lestradespecificationrewrite.tex
LaTeX2e <2021-06-01>
L3 programming layer <2021-06-01>
(C:\Users\mrand\AppData\Local\Programs\MiKTeX\tex/latex/base\article.cls
Document Class: article 2021/02/12 v1.4n Standard LaTeX document class
(C:\Users\mrand\AppData\Local\Programs\MiKTeX\tex/latex/base\size12.clo
File: size12.clo 2021/02/12 v1.4n Standard LaTeX file (size option)
)
\c@part=\count182
\c@section=\count183
\c@subsection=\count184
\c@subsubsection=\count185
\c@paragraph=\count186
\c@subparagraph=\count187
\c@figure=\count188
\c@table=\count189
\abovecaptionskip=\skip47
\belowcaptionskip=\skip48
\bibindent=\dimen138
)
(C:\Users\mrand\AppData\Local\Programs\MiKTeX\tex/latex/amsfonts\amssymb.sty
Package: amssymb 2013/01/14 v3.01 AMS font symbols

(C:\Users\mrand\AppData\Local\Programs\MiKTeX\tex/latex/amsfonts\amsfonts.sty
Package: amsfonts 2013/01/14 v3.01 Basic AMSFonts support
\@emptytoks=\toks16
\symAMSa=\mathgroup4
\symAMSb=\mathgroup5
LaTeX Font Info:    Redeclaring math symbol \hbar on input line 98.
LaTeX Font Info:    Overwriting math alphabet `\mathfrak' in version `bold'
(Font)                  U/euf/m/n --> U/euf/b/n on input line 106.
))
(C:\Users\mrand\AppData\Local\Programs\MiKTeX\tex/latex/l3backend\l3backend-pdf
tex.def
File: l3backend-pdftex.def 2021-05-07 L3 backend support: PDF output (pdfTeX)
\l__color_backend_stack_int=\count190
\l__pdf_internal_box=\box50
) (lestradespecificationrewrite.aux)
\openout1 = `lestradespecificationrewrite.aux'.

LaTeX Font Info:    Checking defaults for OML/cmm/m/it on input line 20.
LaTeX Font Info:    ... okay on input line 20.
LaTeX Font Info:    Checking defaults for OMS/cmsy/m/n on input line 20.
LaTeX Font Info:    ... okay on input line 20.
LaTeX Font Info:    Checking defaults for OT1/cmr/m/n on input line 20.
LaTeX Font Info:    ... okay on input line 20.
LaTeX Font Info:    Checking defaults for T1/cmr/m/n on input line 20.
LaTeX Font Info:    ... okay on input line 20.
LaTeX Font Info:    Checking defaults for TS1/cmr/m/n on input line 20.
LaTeX Font Info:    ... okay on input line 20.
LaTeX Font Info:    Checking defaults for OMX/cmex/m/n on input line 20.
LaTeX Font Info:    ... okay on input line 20.
LaTeX Font Info:    Checking defaults for U/cmr/m/n on input line 20.
LaTeX Font Info:    ... okay on input line 20.
LaTeX Font Info:    Trying to load font information for U+msa on input line 22.


(C:\Users\mrand\AppData\Local\Programs\MiKTeX\tex/latex/amsfonts\umsa.fd
File: umsa.fd 2013/01/14 v3.01 AMS symbols A
)
LaTeX Font Info:    Trying to load font information for U+msb on input line 22.


(C:\Users\mrand\AppData\Local\Programs\MiKTeX\tex/latex/amsfonts\umsb.fd
File: umsb.fd 2013/01/14 v3.01 AMS symbols B
)
(lestradespecificationrewrite.toc)
\tf@toc=\write3
\openout3 = `lestradespecificationrewrite.toc'.

 [1

{C:/Users/mrand/AppData/Local/MiKTeX/pdftex/config/pdftex.map}] [2] [3] [4] [5]
 [6] [7]
Overfull \hbox (0.10722pt too wide) in paragraph at lines 228--230
[]\OT1/cmr/m/n/12 There are mi-nor dif-fer-ences be-tween the parsers
 []

[8] [9] [10] [11] [12] [13]
Overfull \hbox (10.32422pt too wide) in paragraph at lines 366--367
[]\OT1/cmr/m/n/12 If $\OML/cmm/m/it/12 pp$ \OT1/cmr/m/n/12 is a proof of $\OML/
cmm/m/it/12 p$ \OT1/cmr/m/n/12 and \OT1/cmtt/m/n/12 Conj \OT1/cmr/m/n/12 is the
 rule of con-junc-tion, then $[](\OML/cmm/m/it/12 p; p; pp; pp\OT1/cmr/m/n/12 )
$
 []

[14]
Overfull \hbox (26.39738pt too wide) in paragraph at lines 388--389
\OT1/cmr/m/n/12 eted by \OT1/cmtt/m/n/12 begin Lestrade execution \OT1/cmr/m/n/
12 and \OT1/cmtt/m/n/12 end Lestrade execution\OT1/cmr/m/n/12 , the Lestrade
 []

[15] [16] [17] [18] [19] [20] [21] [22] [23] [24] [25] [26] [27] [28] [29]
[30] [31] [32]
Overfull \hbox (79.30023pt too wide) in paragraph at lines 1065--1065
[]\OT1/cmtt/m/n/12 fun sayD s = if (!DIAGNOSTIC) then say3 s else (); (* diagno
stic messages *)[] 
 []


Overfull \hbox (85.47523pt too wide) in paragraph at lines 1065--1065
[]\OT1/cmtt/m/n/12 fun say2D s = if (!DIAGNOSTIC) then say2 s else (); (* diagn
ostic messages *)[] 
 []

[33]
Overfull \hbox (5.2002pt too wide) in paragraph at lines 1065--1065
[]\OT1/cmtt/m/n/12 find default s ((t,u)::L) = if s=t then u else find default 
s L;[] 
 []

[34] [35] [36] [37]
Overfull \hbox (66.95023pt too wide) in paragraph at lines 1276--1276
[] \OT1/cmtt/m/n/12 (* this function reads an identifier initial in a stream of
 characters *)[] 
 []

[38] [39] [40]
Overfull \hbox (5.2002pt too wide) in paragraph at lines 1276--1276
[]\OT1/cmtt/m/n/12 andalso Hd #"\n" (despace(Tl(rev(explode (!LINESOFAR)))))= #
"\\"[] 
 []


Overfull \hbox (36.07521pt too wide) in paragraph at lines 1276--1276
[]\OT1/cmtt/m/n/12 then (output(stdOut,">> ");flushOut(stdOut);(!LINESOFAR)^(ge
tline()))[] 
 []

[41]
Overfull \hbox (5.2002pt too wide) in paragraph at lines 1276--1276
[]\OT1/cmtt/m/n/12 andalso Hd #"\n" (despace(Tl(rev(explode (!LINESOFAR)))))= #
"\\"[] 
 []


Overfull \hbox (42.25021pt too wide) in paragraph at lines 1276--1276
[]\OT1/cmtt/m/n/12 then (output(stdOut,">> ");flushOut(stdOut);(!LINESOFAR)^(ge
tline2()))[] 
 []

[42] [43] [44] [45]
Overfull \hbox (60.77522pt too wide) in paragraph at lines 1405--1405
[]   \OT1/cmtt/m/n/12 Lambda of ((((string*(int*int*int*bool*Function))) list)*
Object*Otype)[] 
 []


Overfull \hbox (5.2002pt too wide) in paragraph at lines 1405--1405
[] \OT1/cmtt/m/n/12 of declaration of the original variable from which it is co
pied[] 
 []


Overfull \hbox (42.25021pt too wide) in paragraph at lines 1405--1405
[]  \OT1/cmtt/m/n/12 and function sorts (with Unknown as the object component) 
as well as[] 
 []


Overfull \hbox (66.95023pt too wide) in paragraph at lines 1405--1405
[]  \OT1/cmtt/m/n/12 as yet undetermined definitions with Deferred as the objec
t component *)[] 
 []

[46] [47]
Overfull \hbox (29.9002pt too wide) in paragraph at lines 1453--1453
[]\OT1/cmtt/m/n/12 (* val FORMATS = ref (nil:((string*int)*(FormatItem list)) l
ist); *)[] 
 []

[48] [49] [50] [51]
Overfull \hbox (48.42522pt too wide) in paragraph at lines 1718--1718
[]\OT1/cmtt/m/n/12 val CONTEXT = ref [(nil:(((string*(int*int*int*bool*Function
))) list)),[] 
 []


Overfull \hbox (79.30023pt too wide) in paragraph at lines 1718--1718
[]\OT1/cmtt/m/n/12 val  OBJECTSORTCACHE = ref [((!CONTEXTNAMES,Oatom("?!?",0,0,
true)),Ferror)];[] 
 []


Overfull \hbox (85.47523pt too wide) in paragraph at lines 1718--1718
[]\OT1/cmtt/m/n/12 val FUNCTIONSORTCACHE = ref [((!CONTEXTNAMES,Fatom("?!?",0,0
,true)),Ferror)];[] 
 []


Overfull \hbox (60.77522pt too wide) in paragraph at lines 1718--1718
[]\OT1/cmtt/m/n/12 val DEPLISTCACHE = ref(nil:(((string*int)*((string*int*int) 
list))list));[] 
 []

[52] [53]
Overfull \hbox (36.07521pt too wide) in paragraph at lines 1718--1718
[]\OT1/cmtt/m/n/12 CONTEXTNAMES:= (makestring(length(!CONTEXT)-1)::(Tl(!CONTEXT
NAMES)));[] 
 []

[54] [55]
Overfull \hbox (60.77522pt too wide) in paragraph at lines 1718--1718
[]\OT1/cmtt/m/n/12 (* find (relative) declaration information about a name in t
he context *)[] 
 []


Overfull \hbox (17.5502pt too wide) in paragraph at lines 1718--1718
[]\OT1/cmtt/m/n/12 if FOUND <> default then FOUND else contextfind0 default s L
L end;[] 
 []


Overfull \hbox (29.9002pt too wide) in paragraph at lines 1718--1718
[]\OT1/cmtt/m/n/12 fun contextfind s = contextfind0 (~1,~1,0,true,Ferror) s (!C
ONTEXT);[] 
 []


Overfull \hbox (17.5502pt too wide) in paragraph at lines 1718--1718
[]\OT1/cmtt/m/n/12 fun world0 default 0 L = if L=nil then default else Hd defau
lt L |[] 
 []

[56]
Overfull \hbox (36.07521pt too wide) in paragraph at lines 1718--1718
[]\OT1/cmtt/m/n/12 fun absolutecontextfind s m = find (~1,~1,0,true,Ferror) s (
world m);[] 
 []


Overfull \hbox (48.42522pt too wide) in paragraph at lines 1718--1718
[]\OT1/cmtt/m/n/12 fun absoluteage s m = let val (i,mm,n,b,T) = absolutecontext
find s m in[] 
 []


Overfull \hbox (91.65024pt too wide) in paragraph at lines 1718--1718
[]\OT1/cmtt/m/n/12 (* fun absolutesortof s m =  let val (i,mm,n,b,T) = absolute
contextfind s m in[] 
 []

[57]
Overfull \hbox (5.2002pt too wide) in paragraph at lines 1858--1858
[]\OT1/cmtt/m/n/12 fun INDENTS2 n = if n<0 then "\\\n" else (INDENTS2(n-1)^INDE
NT);[] 
 []

[58] [59] [60] [61] [62] [63] [64]
Overfull \hbox (36.07521pt too wide) in paragraph at lines 2112--2112
[]\OT1/cmtt/m/n/12 = functionerrorsfound TT orelse functionerrorsfound (Lambda(
M,t,T)) |[] 
 []

[65]
Overfull \hbox (54.60022pt too wide) in paragraph at lines 2112--2112
[]\OT1/cmtt/m/n/12 objectoccurrences s m n (App(S,M,N,B,L)) + functionoccurrenc
es s m n x |[] 
 []


Overfull \hbox (5.2002pt too wide) in paragraph at lines 2112--2112
[]\OT1/cmtt/m/n/12 and typeoccurrences s m n (THAT p) = objectoccurrences s m n
 p |[] 
 []

[66]
Overfull \hbox (17.5502pt too wide) in paragraph at lines 2112--2112
[]\OT1/cmtt/m/n/12 max(n,max(maxdepthfunction TT,maxdepthfunction (Lambda(B,t,T
)))) |[] 
 []

[67]
Overfull \hbox (60.77522pt too wide) in paragraph at lines 2112--2112
[]\OT1/cmtt/m/n/12 (* generate the implicit argument list from the explicit arg
ument list *)[] 
 []


Overfull \hbox (73.12523pt too wide) in paragraph at lines 2112--2112
[]\OT1/cmtt/m/n/12 then (s,(i,m,n,find0 (s,m,n) (map (fn (s,(i,m,n,b,TT)) => (s
,m,n)) B) ,TT))[] 
 []


Overfull \hbox (48.42522pt too wide) in paragraph at lines 2112--2112
[]\OT1/cmtt/m/n/12 Lambda(rev(implicitarglist1 (Lambda(B,t,T)) (Hd nil (!CONTEX
T))),t,T) |[] 
 []


Overfull \hbox (36.07521pt too wide) in paragraph at lines 2112--2112
[]\OT1/cmtt/m/n/12 implicitarglist x = (say "implicitarglist failure line 1905"
;Ferror);[] 
 []

[68]
Overfull \hbox (15.52191pt too wide) in paragraph at lines 2134--2135
[]\OT1/cmr/m/n/12 is the num-ber of func-tion terms
 []

[69]
Overfull \hbox (1120.15091pt too wide) in paragraph at lines 2154--2155
\OT1/cmr/m/n/12 lowed by [] []\OT1/cmtt/m/n/12 , followed by the initial object
 term, followed by a comma, followed by the final open term list, followed by \
verb ) .  The parentheses and comma are likely not be be needed here, but in ce
rtain cases they would be necessary []\OT1/cmr/m/n/12 if
 []

[70] [71]
Overfull \hbox (23.7252pt too wide) in paragraph at lines 2483--2483
[]\OT1/cmtt/m/n/12 fun arity0 s m = formattoarity1 (lambdaformat(absolutesortof
 s m));[] 
 []


Overfull \hbox (23.7252pt too wide) in paragraph at lines 2483--2483
[]\OT1/cmtt/m/n/12 fun Arity2 s m = formattoarity2 (lambdaformat(absolutesortof
 s m));[] 
 []

[72]
Overfull \hbox (29.9002pt too wide) in paragraph at lines 2483--2483
[]\OT1/cmtt/m/n/12 fun isobject0 (App(s,m,n,b,L)) = n<>0 orelse length L = Arit
y2 s m |[] 
 []

[73]
Overfull \hbox (60.77522pt too wide) in paragraph at lines 2483--2483
[]\OT1/cmtt/m/n/12 t <> Unknown andalso T <> Tdummy andalso not(islambda0 (Lamb
da(B,t,T))) |[] 
 []

[74]
Overfull \hbox (17.5502pt too wide) in paragraph at lines 2483--2483
[]\OT1/cmtt/m/n/12 fun lambdatail (Lambda((s,(i,m,n,b,TT))::B,t,T)) = Lambda(B,
t,T) |[] 
 []


Overfull \hbox (23.7252pt too wide) in paragraph at lines 2483--2483
[]\OT1/cmtt/m/n/12 formatmask x y = (say "format masking failure line 2107";[Fe
rror]);[] 
 []


Overfull \hbox (54.60022pt too wide) in paragraph at lines 2483--2483
[]\OT1/cmtt/m/n/12 (* this is designed to be updatable when we work out somethi
ng to handle[] 
 []

[75] [76] [77]
Overfull \hbox (48.42522pt too wide) in paragraph at lines 2483--2483
[]\OT1/cmtt/m/n/12 else "("^(if t <> Unknown andalso t <> Deferred then "{def} 
" else "")^[] 
 []


Overfull \hbox (54.60022pt too wide) in paragraph at lines 2483--2483
[]\OT1/cmtt/m/n/12 fun displayerrorfunction x = if (!DIAGNOSTIC) then (ERRORDIS
PLAY:= true;[] 
 []


Overfull \hbox (104.00024pt too wide) in paragraph at lines 2483--2483
[]\OT1/cmtt/m/n/12 let val RESULT = displayfunction x in (ERRORDISPLAY:=false;R
ESULT) end) else "";[] 
 []

[78]
Overfull \hbox (42.25021pt too wide) in paragraph at lines 2483--2483
[]\OT1/cmtt/m/n/12 fun displayerrorobject x = if (!DIAGNOSTIC) then (ERRORDISPL
AY:= true;[] 
 []


Overfull \hbox (91.65024pt too wide) in paragraph at lines 2483--2483
[]\OT1/cmtt/m/n/12 let val RESULT = displayobject x in (ERRORDISPLAY:=false;RES
ULT) end) else "";[] 
 []


Overfull \hbox (29.9002pt too wide) in paragraph at lines 2483--2483
[]\OT1/cmtt/m/n/12 fun displayerrortype x = if (!DIAGNOSTIC) then (ERRORDISPLAY
:= true;[] 
 []


Overfull \hbox (79.30023pt too wide) in paragraph at lines 2483--2483
[]\OT1/cmtt/m/n/12 let val RESULT = displaytype x in (ERRORDISPLAY:=false;RESUL
T) end) else "";[] 
 []

[79]
LaTeX Font Info:    Trying to load font information for OMS+cmtt on input line 
2498.
LaTeX Font Info:    No file OMScmtt.fd. on input line 2498.


LaTeX Font Warning: Font shape `OMS/cmtt/m/n' undefined
(Font)              using `OMS/cmsy/m/n' instead
(Font)              for symbol `textbraceleft' on input line 2498.

[80] [81]
Overfull \hbox (17.5502pt too wide) in paragraph at lines 2906--2906
[]\OT1/cmtt/m/n/12 if A = ~1 then parseatom1 s (Tl L) else (s,length L -1,0,tru
e) end[] 
 []

[82]
Overfull \hbox (79.30023pt too wide) in paragraph at lines 2906--2906
[]                                  \OT1/cmtt/m/n/12 and LL = getarglistE true 
true (arity s) L[] 
 []


Overfull \hbox (54.60022pt too wide) in paragraph at lines 2906--2906
[]\OT1/cmtt/m/n/12 let val LLL = getarglistE false false (arity(Hd "\n" LL) - 1
) (Tl LL) in[] 
 []

[83] [84] [85] [86] [87] [88]
Overfull \hbox (42.25021pt too wide) in paragraph at lines 2906--2906
[]\OT1/cmtt/m/n/12 and getarglist closable last1 n L = p1(getarglistE closable 
last1 n L)[] 
 []


Overfull \hbox (48.42522pt too wide) in paragraph at lines 2906--2906
[]\OT1/cmtt/m/n/12 and restarglist closable last1 n L = p2(getarglistE closable
 last1 n L)[] 
 []

[89] [90] [91] [92] [93]
Overfull \hbox (1.49733pt too wide) in paragraph at lines 2954--2957
[]\OT1/cmr/m/n/12 The in-ter-nal rep-re-sen-ta-tion of func-tion sorts and lamb
da terms in Lestrade
 []


Overfull \hbox (33.66623pt too wide) in paragraph at lines 2963--2964
[]\OT1/cmr/m/n/12 If $\OML/cmm/m/it/12 f$ \OT1/cmr/m/n/12 has type $[(\OML/cmm/
m/it/12 x[]; []\OT1/cmr/m/n/12 )\OML/cmm/m/it/12 ; [] ; \OT1/cmr/m/n/12 (\OML/
cmm/m/it/12 x[]; []\OT1/cmr/m/n/12 )\OML/cmm/m/it/12 ; \OT1/cmr/m/n/12 (\OML/c
mm/m/it/12 x[]; []\OT1/cmr/m/n/12 )\OML/cmm/m/it/12 ; [] ; \OT1/cmr/m/n/12 (\O
ML/cmm/m/it/12 x[]; []\OT1/cmr/m/n/12 ) \OMS/cmtt/m/n/12 ) \OML/cmm/m/it/12 \
OT1/cmr/m/n/12 ]$, then $\OML/cmm/m/it/12 f\OT1/cmr/m/n/12 (\OML/cmm/m/it/12 t[
]; [] ; t[]\OT1/cmr/m/n/12 )$
 []

[94] [95]
Overfull \hbox (36.07521pt too wide) in paragraph at lines 3458--3458
[]\OT1/cmtt/m/n/12 fun badappbody (Lambda(nil,App(s,m,n,b,L),Tdummy)) = App(s,m
,n,b,L) |[] 
 []

[96]
Overfull \hbox (5.2002pt too wide) in paragraph at lines 3458--3458
[]\OT1/cmtt/m/n/12 require no more declaration information than the parser does
. *)[] 
 []

[97]
Overfull \hbox (36.07521pt too wide) in paragraph at lines 3458--3458
[]\OT1/cmtt/m/n/12 theobjectsort x = (say "theobjectsort inapplicable line 3077
";Terror)[] 
 []

[98]
Overfull \hbox (73.12523pt too wide) in paragraph at lines 3458--3458
[]\OT1/cmtt/m/n/12 (say "betared error line 2786:  too many arguments for lambd
a term";Ferror)[] 
 []

[99] [100]
Overfull \hbox (17.5502pt too wide) in paragraph at lines 3458--3458
[]\OT1/cmtt/m/n/12 (* subsobject0 0 s m n b (absolutesortof s m) (App(s,m,n,b,T
T)) *)[] 
 []


Overfull \hbox (11.3752pt too wide) in paragraph at lines 3458--3458
[]\OT1/cmtt/m/n/12 (* subsobject0 0 s m n b (absolutesortof s m) (Oatom(s,m,n,b
)) *)[] 
 []


Overfull \hbox (11.3752pt too wide) in paragraph at lines 3458--3458
[]\OT1/cmtt/m/n/12 (* if N > depth then (say "depth error line 2806";Oerror) el
se *)[] 
 []


Overfull \hbox (178.10028pt too wide) in paragraph at lines 3458--3458
[]\OT1/cmtt/m/n/12 then ((* sayD ("3408:  "^(displayerrorfunction T)^"; "^s^": 
"^S); *) objectof depth T)  else[] 
 []

[101]
Overfull \hbox (60.77522pt too wide) in paragraph at lines 3458--3458
[] \OT1/cmtt/m/n/12 (objectdeplist((Oatom(S,M,N,B)))) andalso islambda2 (absolu
tesortof S M)[] 
 []


Overfull \hbox (73.12523pt too wide) in paragraph at lines 3458--3458
[]\OT1/cmtt/m/n/12 then Subsobject0 depth s m n b T (objectof depth (absoluteso
rtof S M)) else[] 
 []


Overfull \hbox (54.60022pt too wide) in paragraph at lines 3458--3458
[]  \OT1/cmtt/m/n/12 =  (* if N > depth   then (say "Depth error line 2819";Oer
ror) else *)[] 
 []


Overfull \hbox (5.2002pt too wide) in paragraph at lines 3458--3458
[]\OT1/cmtt/m/n/12 map (fn (s,m,n) => say2D s) (functiondeplist((Fatom(S,M,N,B)
)));[] 
 []

[102]
Overfull \hbox (85.47523pt too wide) in paragraph at lines 3458--3458
[] \OT1/cmtt/m/n/12 then "" else ". "^(displayerrorfunction T)^" "^(displayerro
robject T2))); *)[] 
 []


Overfull \hbox (42.25021pt too wide) in paragraph at lines 3458--3458
[]\OT1/cmtt/m/n/12 Subsobject0 (max(depth,n)) s m n b ((* levelfunction depth *
) (T)) T2)[] 
 []


Overfull \hbox (54.60022pt too wide) in paragraph at lines 3458--3458
[]\OT1/cmtt/m/n/12 Rewrite(Subsobject0 depth s m n b T TT,Subsobject0 depth s m
 n b T UU) |[] 
 []

[103]
Overfull \hbox (11.3752pt too wide) in paragraph at lines 3458--3458
[]\OT1/cmtt/m/n/12 (* if N > depth then (say "Depth error line 2843";Ferror) el
se *)[] 
 []


Overfull \hbox (5.2002pt too wide) in paragraph at lines 3458--3458
[]\OT1/cmtt/m/n/12 map (fn (s,m,n) => say2D s) (functiondeplist((Fatom(S,M,N,B)
)));[] 
 []

[104]
Overfull \hbox (5.2002pt too wide) in paragraph at lines 3458--3458
[]\OT1/cmtt/m/n/12 ^" "^(displayerrorfunction (Lambda((S,(i,M,N,b,TT))::B,tt,TT
T)))[] 
 []

[105] [106] [107] [108] [109] [110] [111] [112] [113] [114]
Overfull \hbox (5.2002pt too wide) in paragraph at lines 3711--3711
[]\OT1/cmtt/m/n/12 then hd(!AFUNCTION) else ("Ran out of arguments 3857";Ferror
) in[] 
 []

[115] [116] [117] [118] [119] [120]
Overfull \hbox (17.5502pt too wide) in paragraph at lines 4109--4109
[]\OT1/cmtt/m/n/12 if bindersof(hd(!XX))<>nil andalso bindersof(hd(!YY))<>nil a
ndalso[] 
 []


Overfull \hbox (85.47523pt too wide) in paragraph at lines 4109--4109
[]\OT1/cmtt/m/n/12 islambda2(bindersof2(hd(!XX))) andalso islambda2(bindersof2(
hd(!YY))) andalso[] 
 []


Overfull \hbox (190.45029pt too wide) in paragraph at lines 4109--4109
[]\OT1/cmtt/m/n/12 (XX:=(bindersof2(hd(!XX)))::((!XX));YY:=(bindersof2(hd(!YY))
)::((!YY));equalfunctions0()) then[] 
 []


Overfull \hbox (196.62529pt too wide) in paragraph at lines 4109--4109
[]\OT1/cmtt/m/n/12 (XX:=(subsfunction0 (n+n2+1) s m n b (referentof(s,m,n,b,TT)
)(lambdatail(hd(!XX))))::(tl(!XX));[] 
 []

[121]
Overfull \hbox (246.02531pt too wide) in paragraph at lines 4109--4109
[]\OT1/cmtt/m/n/12 YY:=  ( subsfunction0 (n+n2+1) s2 m2 n2 b2 (referentof(s,m,n
,b,TT))   (lambdatail(hd(!YY))))::(tl(!YY))[] 
 []

[122]
Overfull \hbox (11.3752pt too wide) in paragraph at lines 4109--4109
[]\OT1/cmtt/m/n/12 YY:= (subsfunction0 (n+n2+1) s2 m2 n2 b2 (referentof(s,m,n,b
,TT))[] 
 []


Overfull \hbox (85.47523pt too wide) in paragraph at lines 4109--4109
[]\OT1/cmtt/m/n/12 let val RESULT = (bindersof (hd(!XX)) = nil andalso binderso
f (hd(!YY)) = nil[] 
 []


Overfull \hbox (66.95023pt too wide) in paragraph at lines 4109--4109
[] \OT1/cmtt/m/n/12 andalso equalobjectsorts T T2 ) end)) in (XX:=tl(!XX);YY:=t
l(!YY);RESULT)[] 
 []

[123]
Overfull \hbox (66.95023pt too wide) in paragraph at lines 4109--4109
[]\OT1/cmtt/m/n/12 if defexpand2 x <> x then let val RESULT = equalfunctions (d
efexpand2 x) y[] 
 []


Overfull \hbox (97.82524pt too wide) in paragraph at lines 4109--4109
[]\OT1/cmtt/m/n/12 else if defexpand2 y <>y then let val RESULT = equalfunction
s  x (defexpand2 y)[] 
 []


Overfull \hbox (73.12523pt too wide) in paragraph at lines 4109--4109
[]\OT1/cmtt/m/n/12 else if Etared 0 x <> x then let val RESULT = equalfunctions
 (Etared 0 x) y[] 
 []


Overfull \hbox (73.12523pt too wide) in paragraph at lines 4109--4109
[]\OT1/cmtt/m/n/12 else if Etared 0 y <> y then let val RESULT = equalfunctions
 x (Etared 0 y)[] 
 []

[124]
Overfull \hbox (60.77522pt too wide) in paragraph at lines 4109--4109
[]\OT1/cmtt/m/n/12 else XX := (fn (Lambda(B2,t2,T2)) => Lambda ((hd(!BB))::B2,t
2,T2)) (!XX);[] 
 []

[125] [126]
Overfull \hbox (1.98898pt too wide) in paragraph at lines 4116--4118
\OT1/cmr/m/n/12 higher or-der match-ing) sup-port the im-plicit ar-gu-ment in-f
er-ence fea-ture, which
 []


Overfull \hbox (85.47523pt too wide) in paragraph at lines 5181--5181
[]\OT1/cmtt/m/n/12 then ((* sayD "4294"; *) objectof 0 ((referentof(S,length(!C
ONTEXT)-1,0,true,[] 
 []

[127]
Overfull \hbox (11.3752pt too wide) in paragraph at lines 5181--5181
[]\OT1/cmtt/m/n/12 then let val X = unsubsobject  S x (defexpand(Oatom(s,m,n,b)
)) in[] 
 []


Overfull \hbox (79.30023pt too wide) in paragraph at lines 5181--5181
[]\OT1/cmtt/m/n/12 then ((* say3 "4313"; *) objectof 0 (referentof(S,length(!CO
NTEXT)-1,0,true,[] 
 []


Overfull \hbox (5.2002pt too wide) in paragraph at lines 5181--5181
[]\OT1/cmtt/m/n/12 then let val X = unsubsobject S x (defexpand(App(s,m,n,b,L))
) in[] 
 []

[128]
Overfull \hbox (5.2002pt too wide) in paragraph at lines 5181--5181
[]\OT1/cmtt/m/n/12 then let val X = unsubsfunction S x (defexpand2(Fatom(s,m,n,
b)))[] 
 []

[129]
Overfull \hbox (36.07521pt too wide) in paragraph at lines 5181--5181
[]\OT1/cmtt/m/n/12 fun varsof s =  let val SS = absolutesortof s (length(!CONTE
XT)-1) in[] 
 []

[130]
Overfull \hbox (73.12523pt too wide) in paragraph at lines 5181--5181
[]\OT1/cmtt/m/n/12 fun isvariable (Lambda(nil,Oatom(s,m,0,b),Tdummy)) = m=lengt
h(!CONTEXT)-1 |[] 
 []


Overfull \hbox (54.60022pt too wide) in paragraph at lines 5181--5181
[]\OT1/cmtt/m/n/12 ^(displayerrorfunction value)^" and "^(displayerrorfunction 
value2)); *)[] 
 []

[131]
Overfull \hbox (73.12523pt too wide) in paragraph at lines 5181--5181
[]\OT1/cmtt/m/n/12 ((key2, (*if isvariable value2 then value  else *) value2)::
(drop key2 L)))[] 
 []


Overfull \hbox (11.3752pt too wide) in paragraph at lines 5181--5181
[]\OT1/cmtt/m/n/12 else (key,value)::((key2,value2)::(drop key (drop key2 LL)))
 end;[] 
 []


Overfull \hbox (17.5502pt too wide) in paragraph at lines 5181--5181
[]\OT1/cmtt/m/n/12 (* this supports a strategy of actually building local match
 lists[] 
 []

[132]
Overfull \hbox (5.2002pt too wide) in paragraph at lines 5181--5181
[]\OT1/cmtt/m/n/12 fun matchesfail() = (LOCALMATCHES:=[("",Ferror)];[("",Ferror
)]);[] 
 []


Overfull \hbox (48.42522pt too wide) in paragraph at lines 5181--5181
[]\OT1/cmtt/m/n/12 Rewrite(matchsubsobject depth match t, matchsubsobject depth
 match u) |[] 
 []

[133]
Overfull \hbox (11.3752pt too wide) in paragraph at lines 5181--5181
[]\OT1/cmtt/m/n/12 (say "matchsubsfunction fails to generate lambda term line 3
565";[] 
 []

[134] [135] [136]
Overfull \hbox (29.9002pt too wide) in paragraph at lines 5181--5181
[]\OT1/cmtt/m/n/12 else  let val RESULT = unapply (varsof s) (map  matchallsubs
 L) T in[] 
 []

[137] [138]
Overfull \hbox (97.82524pt too wide) in paragraph at lines 5181--5181
[] \OT1/cmtt/m/n/12 " with "^(displayerrorfunction (Lambda((s2,(i,m2,n2,b2,TT2)
)::B2,t2,T2)))); *)[] 
 []


Overfull \hbox (91.65024pt too wide) in paragraph at lines 5181--5181
[]\OT1/cmtt/m/n/12 ((* sayD("Matching "^(displayerrorfunction (Lambda((s,(i,m,n
,b,TT))::B,t,T)))^[] 
 []

[139] [140] [141] [142] [143]
Overfull \hbox (29.9002pt too wide) in paragraph at lines 5181--5181
[]\OT1/cmtt/m/n/12 else  let val RESULT = unapply (varsof s) (map  matchallsubs
 L) T in[] 
 []

[144]
Overfull \hbox (36.07521pt too wide) in paragraph at lines 5181--5181
[]\OT1/cmtt/m/n/12 let val T = if t=Unknown then T0 else theobjectsort(objectso
rt t) and[] 
 []


Overfull \hbox (11.3752pt too wide) in paragraph at lines 5181--5181
[]\OT1/cmtt/m/n/12 T2 = if t2 =Unknown then T20 else theobjectsort(objectsort t
2) in[] 
 []

[145] [146] [147] [148]
Overfull \hbox (5.2002pt too wide) in paragraph at lines 5181--5181
[]\OT1/cmtt/m/n/12 else ( (* sayD "matchesfail 4646"; *) matchesfail()) end end
 end[] 
 []

[149]
Overfull \hbox (36.07521pt too wide) in paragraph at lines 5181--5181
[]\OT1/cmtt/m/n/12 ((S,(i,length(!CONTEXT),0,b,TT))::((map (fn (s2,(i2,m2,n2,b2
,TT2)) =>[] 
 []


Overfull \hbox (5.2002pt too wide) in paragraph at lines 5181--5181
[]\OT1/cmtt/m/n/12 (referentof(S,length(!CONTEXT),0,b,TT)) TT2))) (openlambda B
))))[] 
 []


Overfull \hbox (36.07521pt too wide) in paragraph at lines 5181--5181
[]\OT1/cmtt/m/n/12 (say2D s; say2D (displaybinderlist B); say2D (displayargumen
tlist L);[] 
 []


Overfull \hbox (5.2002pt too wide) in paragraph at lines 5181--5181
[]\OT1/cmtt/m/n/12 (say "format is too long in findfirstmatch? line 3800";Ferro
r) |[] 
 []

[150]
Overfull \hbox (5.2002pt too wide) in paragraph at lines 5181--5181
[]\OT1/cmtt/m/n/12 ( (*LOCALMATCHES:=nil; *) (* no commitments to global matche
s *)[] 
 []


Overfull \hbox (23.7252pt too wide) in paragraph at lines 5181--5181
[]\OT1/cmtt/m/n/12 (* when all explicitly given arguments are processed, you ar
e done;[] 
 []


Overfull \hbox (11.3752pt too wide) in paragraph at lines 5181--5181
[]\OT1/cmtt/m/n/12 (say "ran out of type information in findallarguments line 3
840";[] 
 []

[151]
Overfull \hbox (11.3752pt too wide) in paragraph at lines 5181--5181
[]\OT1/cmtt/m/n/12 CONTEXTNAMES:= (makestring(length(!CONTEXT)-1))::(!CONTEXTNA
MES);[] 
 []


Overfull \hbox (91.65024pt too wide) in paragraph at lines 5181--5181
[]\OT1/cmtt/m/n/12 ( (* sayD ("Setting explicit argument "^s^" to "^(displayerr
orfunction x)); *)[] 
 []

[152]
Overfull \hbox (60.77522pt too wide) in paragraph at lines 5181--5181
[]\OT1/cmtt/m/n/12 ( (* sayD ("Setting implicit argument "^s^" to "^(displayfun
ction M)); *)[] 
 []

[153]
Overfull \hbox (73.12523pt too wide) in paragraph at lines 5181--5181
[]\OT1/cmtt/m/n/12 else (say ("5300:  Object type error in "^(displayobject(App
(s,m,n,b,L))));[] 
 []


Overfull \hbox (11.3752pt too wide) in paragraph at lines 5181--5181
[]\OT1/cmtt/m/n/12 then (say "bad format error line 3855 (findimplicitargs)";Oe
rror)[] 
 []


Overfull \hbox (48.42522pt too wide) in paragraph at lines 5181--5181
[]\OT1/cmtt/m/n/12 then (say "declaration error line 3857 (findimplicitargs)";O
error) else[] 
 []


Overfull \hbox (48.42522pt too wide) in paragraph at lines 5181--5181
[]\OT1/cmtt/m/n/12 let val LL = ( LOCALMATCHES:=nil; findallarguments (openlamb
da B) L )in[] 
 []


Overfull \hbox (79.30023pt too wide) in paragraph at lines 5181--5181
[]\OT1/cmtt/m/n/12 else (say ("5317:  Object type error in "^(displayobject(App
(s,m,n,b,LL))));[] 
 []

[154]
Overfull \hbox (54.60022pt too wide) in paragraph at lines 5295--5295
[]\OT1/cmtt/m/n/12 fun objectsortcheck (THAT t) = objectsort t = Lambda(nil,Unk
nown,PROP) |[] 
 []


Overfull \hbox (17.5502pt too wide) in paragraph at lines 5295--5295
[]\OT1/cmtt/m/n/12 objectsortcheck (IN t) = objectsort t = Lambda(nil,Unknown,T
YPE) |[] 
 []


Overfull \hbox (85.47523pt too wide) in paragraph at lines 5295--5295
[]\OT1/cmtt/m/n/12 objectsortcheck (Rewrite(t,u)) = equalfunctions(objectsort t
)(objectsort u) |[] 
 []

[155]
Overfull \hbox (66.95023pt too wide) in paragraph at lines 5295--5295
[]\OT1/cmtt/m/n/12 else (say "bad proof/evidence type, body not prop line 3913"
;Terror) end |[] 
 []


Overfull \hbox (54.60022pt too wide) in paragraph at lines 5295--5295
[]\OT1/cmtt/m/n/12 else (say "bad typed object sort: body not type line 3916";T
error) end |[] 
 []

[156]
Overfull \hbox (11.3752pt too wide) in paragraph at lines 5295--5295
[]\OT1/cmtt/m/n/12 = if equalfunctions (Fatom(s,m,n,b)) (Lambda(B,App(s,m,n,b,L
),T))[] 
 []


Overfull \hbox (23.7252pt too wide) in paragraph at lines 5295--5295
[]\OT1/cmtt/m/n/12 typefix (Lambda(B,t,T)) = Lambda(B,typefixobject t,typefixty
pe T) |[] 
 []

[157] [158] [159] [160]
Overfull \hbox (5.2002pt too wide) in paragraph at lines 5552--5552
[]\OT1/cmtt/m/n/12 Lambda(nil,Unknown,OBJ)))(functionsort (absolutesortof s m))
))))[] 
 []


Overfull \hbox (17.5502pt too wide) in paragraph at lines 5552--5552
[]\OT1/cmtt/m/n/12 if (* map (fn (s,x) => arity s <> ~1) B = map (fn (s,x) => t
rue) B[] 
 []

[161]
Overfull \hbox (17.5502pt too wide) in paragraph at lines 5552--5552
[]\OT1/cmtt/m/n/12 else say ("Some sort of declaration or type failure in decla
ring "[] 
 []

[162]
Overfull \hbox (60.77522pt too wide) in paragraph at lines 5552--5552
[]\OT1/cmtt/m/n/12 else let val XX = ((* sayD "got to 5276";*)subsfunction0 0 "
?!?" 0 0 true[] 
 []

[163]
Overfull \hbox (23.7252pt too wide) in paragraph at lines 5552--5552
[]\OT1/cmtt/m/n/12 ((* sayD "got to 5309" ; *)map (fn x => find0 x (map p1 B)) 
DEPS <>[] 
 []


Overfull \hbox (17.5502pt too wide) in paragraph at lines 5552--5552
[]\OT1/cmtt/m/n/12 else let val fourx = ( (* sayD "got to 5326"; *)typesimplify
 X) in[] 
 []

[164]
Overfull \hbox (17.5502pt too wide) in paragraph at lines 5552--5552
[]\OT1/cmtt/m/n/12 else say ("Some sort of declaration or type failure in decla
ring "[] 
 []

[165] [166] [167]
Overfull \hbox (42.25021pt too wide) in paragraph at lines 5861--5861
[]\OT1/cmtt/m/n/12 and shorten s = if s ="" then "" else implode(rev(Tl(rev(exp
lode s))))[] 
 []

[168] [169] [170] [171] [172] [173] [174] (lestradespecificationrewrite.aux)

LaTeX Font Warning: Some font shapes were not available, defaults substituted.

 ) 
Here is how much of TeX's memory you used:
 979 strings out of 478864
 14230 string characters out of 2848660
 327033 words of memory out of 3000000
 18945 multiletter control sequences out of 15000+600000
 414194 words of font info for 71 fonts, out of 8000000 for 9000
 1141 hyphenation exceptions out of 8191
 41i,8n,52p,1240b,266s stack positions out of 5000i,500n,10000p,200000b,80000s
<C:/Users/mrand/AppData/Local/Programs/MiKTeX/fonts/type1/public/amsfonts/cm/
cmbx12.pfb><C:/Users/mrand/AppData/Local/Programs/MiKTeX/fonts/type1/public/ams
fonts/cm/cmmi12.pfb><C:/Users/mrand/AppData/Local/Programs/MiKTeX/fonts/type1/p
ublic/amsfonts/cm/cmmi8.pfb><C:/Users/mrand/AppData/Local/Programs/MiKTeX/fonts
/type1/public/amsfonts/cm/cmr10.pfb><C:/Users/mrand/AppData/Local/Programs/MiKT
eX/fonts/type1/public/amsfonts/cm/cmr12.pfb><C:/Users/mrand/AppData/Local/Progr
ams/MiKTeX/fonts/type1/public/amsfonts/cm/cmr17.pfb><C:/Users/mrand/AppData/Loc
al/Programs/MiKTeX/fonts/type1/public/amsfonts/cm/cmr7.pfb><C:/Users/mrand/AppD
ata/Local/Programs/MiKTeX/fonts/type1/public/amsfonts/cm/cmr8.pfb><C:/Users/mra
nd/AppData/Local/Programs/MiKTeX/fonts/type1/public/amsfonts/cm/cmsy10.pfb><C:/
Users/mrand/AppData/Local/Programs/MiKTeX/fonts/type1/public/amsfonts/cm/cmsy8.
pfb><C:/Users/mrand/AppData/Local/Programs/MiKTeX/fonts/type1/public/amsfonts/c
m/cmti12.pfb><C:/Users/mrand/AppData/Local/Programs/MiKTeX/fonts/type1/public/a
msfonts/cm/cmtt10.pfb><C:/Users/mrand/AppData/Local/Programs/MiKTeX/fonts/type1
/public/amsfonts/cm/cmtt12.pfb>
Output written on lestradespecificationrewrite.pdf (174 pages, 398140 bytes).
PDF statistics:
 624 PDF objects out of 1000 (max. 8388607)
 0 named destinations out of 1000 (max. 500000)
 1 words of extra memory for PDF output out of 10000 (max. 10000000)

