This is pdfTeX, Version 3.1415926-1.40.11 (MiKTeX 2.9) (preloaded format=pdflatex 2011.2.15)  30 NOV 2012 09:20
entering extended mode
**C:/Users/Randall*Holmes/Desktop/opus_src_3/head.tex
("C:/Users/Randall Holmes/Desktop/opus_src_3/head.tex"
LaTeX2e <2009/09/24>
Babel <v3.8l> and hyphenation patterns for english, afrikaans, ancientgreek, ar
abic, armenian, assamese, basque, bengali, bokmal, bulgarian, catalan, coptic, 
croatian, czech, danish, dutch, esperanto, estonian, farsi, finnish, french, ga
lician, german, german-x-2009-06-19, greek, gujarati, hindi, hungarian, iceland
ic, indonesian, interlingua, irish, italian, kannada, kurmanji, lao, latin, lat
vian, lithuanian, malayalam, marathi, mongolian, mongolianlmc, monogreek, ngerm
an, ngerman-x-2009-06-19, nynorsk, oriya, panjabi, pinyin, polish, portuguese, 
romanian, russian, sanskrit, serbian, slovak, slovenian, spanish, swedish, swis
sgerman, tamil, telugu, turkish, turkmen, ukenglish, ukrainian, uppersorbian, u
senglishmax, welsh, loaded.
("C:\Program Files (x86)\MiKTeX 2.9\tex\latex\base\book.cls"
Document Class: book 2007/10/19 v1.4h Standard LaTeX document class
("C:\Program Files (x86)\MiKTeX 2.9\tex\latex\base\bk10.clo"
File: bk10.clo 2007/10/19 v1.4h Standard LaTeX file (size option)
)
\c@part=\count79
\c@chapter=\count80
\c@section=\count81
\c@subsection=\count82
\c@subsubsection=\count83
\c@paragraph=\count84
\c@subparagraph=\count85
\c@figure=\count86
\c@table=\count87
\abovecaptionskip=\skip41
\belowcaptionskip=\skip42
\bibindent=\dimen102
)
("C:\Program Files (x86)\MiKTeX 2.9\tex\latex\amsfonts\amssymb.sty"
Package: amssymb 2009/06/22 v3.00

("C:\Program Files (x86)\MiKTeX 2.9\tex\latex\amsfonts\amsfonts.sty"
Package: amsfonts 2009/06/22 v3.00 Basic AMSFonts support
\@emptytoks=\toks14
\symAMSa=\mathgroup4
\symAMSb=\mathgroup5
LaTeX Font Info:    Overwriting math alphabet `\mathfrak' in version `bold'
(Font)                  U/euf/m/n --> U/euf/b/n on input line 96.
))
("C:\Program Files (x86)\MiKTeX 2.9\tex\latex\base\latexsym.sty"
Package: latexsym 1998/08/17 v2.2e Standard LaTeX package (lasy symbols)
\symlasy=\mathgroup6
LaTeX Font Info:    Overwriting symbol font `lasy' in version `bold'
(Font)                  U/lasy/m/n --> U/lasy/b/n on input line 47.
)
("C:\Program Files (x86)\MiKTeX 2.9\tex\latex\base\makeidx.sty"
Package: makeidx 2000/03/29 v1.0m Standard LaTeX package
)
("C:\Program Files (x86)\MiKTeX 2.9\tex\latex\tools\multicol.sty"
Package: multicol 2008/12/05 v1.6h multicolumn formatting (FMi)
\c@tracingmulticols=\count88
\mult@box=\box26
\multicol@leftmargin=\dimen103
\c@unbalance=\count89
\c@collectmore=\count90
\doublecol@number=\count91
\multicoltolerance=\count92
\multicolpretolerance=\count93
\full@width=\dimen104
\page@free=\dimen105
\premulticols=\dimen106
\postmulticols=\dimen107
\multicolsep=\skip43
\multicolbaselineskip=\skip44
\partial@page=\box27
\last@line=\box28
\mult@rightbox=\box29
\mult@grightbox=\box30
\mult@gfirstbox=\box31
\mult@firstbox=\box32
\@tempa=\box33
\@tempa=\box34
\@tempa=\box35
\@tempa=\box36
\@tempa=\box37
\@tempa=\box38
\@tempa=\box39
\@tempa=\box40
\@tempa=\box41
\@tempa=\box42
\@tempa=\box43
\@tempa=\box44
\@tempa=\box45
\@tempa=\box46
\@tempa=\box47
\@tempa=\box48
\@tempa=\box49
\c@columnbadness=\count94
\c@finalcolumnbadness=\count95
\last@try=\dimen108
\multicolovershoot=\dimen109
\multicolundershoot=\dimen110
\mult@nat@firstbox=\box50
\colbreak@box=\box51
)
("C:\Users\Randall Holmes\Desktop\opus_src_3\macros/taille.tex")
("C:\Users\Randall Holmes\Desktop\opus_src_3\macros/section.tex")
("C:\Users\Randall Holmes\Desktop\opus_src_3\macros/pagestyle.tex")
\@indexfile=\write3

Writing index file head.idx
("C:\Users\Randall Holmes\Desktop\opus_src_3\head.aux")
LaTeX Font Info:    Checking defaults for OML/cmm/m/it on input line 15.
LaTeX Font Info:    ... okay on input line 15.
LaTeX Font Info:    Checking defaults for T1/cmr/m/n on input line 15.
LaTeX Font Info:    ... okay on input line 15.
LaTeX Font Info:    Checking defaults for OT1/cmr/m/n on input line 15.
LaTeX Font Info:    ... okay on input line 15.
LaTeX Font Info:    Checking defaults for OMS/cmsy/m/n on input line 15.
LaTeX Font Info:    ... okay on input line 15.
LaTeX Font Info:    Checking defaults for OMX/cmex/m/n on input line 15.
LaTeX Font Info:    ... okay on input line 15.
LaTeX Font Info:    Checking defaults for U/cmr/m/n on input line 15.
LaTeX Font Info:    ... okay on input line 15.

("C:\Users\Randall Holmes\Desktop\opus_src_3\macros/anglais.tex")
("C:\Users\Randall Holmes\Desktop\opus_src_3\macros/macgen.tex")
("C:\Users\Randall Holmes\Desktop\opus_src_3\macros/fonts.tex")
("C:\Users\Randall Holmes\Desktop\opus_src_3\macros/footnote.tex")
("C:\Users\Randall Holmes\Desktop\opus_src_3\macros/itemize.tex"
\decalageG=\dimen111
\c@MonEnumerate=\count96
\NiveauItemize=\count97
\NiveauITEMIZE=\count98
\c@theoreme=\count99
) [5

{C:/ProgramData/MiKTeX/2.9/pdftex/config/pdftex.map}] [6

]
LaTeX Font Info:    Try loading font information for U+msa on input line 39.

("C:\Program Files (x86)\MiKTeX 2.9\tex\latex\amsfonts\umsa.fd"
File: umsa.fd 2009/06/22 v3.00 AMS symbols A
)
LaTeX Font Info:    Try loading font information for U+msb on input line 39.

("C:\Program Files (x86)\MiKTeX 2.9\tex\latex\amsfonts\umsb.fd"
File: umsb.fd 2009/06/22 v3.00 AMS symbols B
)
LaTeX Font Info:    Try loading font information for U+lasy on input line 39.

("C:\Program Files (x86)\MiKTeX 2.9\tex\latex\base\ulasy.fd"
File: ulasy.fd 1998/08/17 v2.2e LaTeX symbol font definitions
)
("C:\Users\Randall Holmes\Desktop\opus_src_3\head.toc" [7] [8])
\tf@toc=\write4

("C:\Users\Randall Holmes\Desktop\opus_src_3\Ch01.tex" [9] [10

]
Chapter 1.

Underfull \vbox (badness 1783) has occurred while \output is active []

 [11]
[12]) ("C:\Users\Randall Holmes\Desktop\opus_src_3\Ch02.tex" [13] [14

]
Chapter 2.

Underfull \vbox (badness 1783) has occurred while \output is active []

 [15]
Underfull \hbox (badness 10000) in paragraph at lines 78--80

 []

[16] [17]) ("C:\Users\Randall Holmes\Desktop\opus_src_3\Ch03.tex" [18]
Chapter 3.
[19

] [20] [21] [22] [23]) ("C:\Users\Randall Holmes\Desktop\opus_src_3\Ch04.tex" [
24]
Chapter 4.
[25

] [26] [27]) ("C:\Users\Randall Holmes\Desktop\opus_src_3\Ch05.tex" [28]
Chapter 5.
[29

] [30] [31] [32]) ("C:\Users\Randall Holmes\Desktop\opus_src_3\Ch06.tex"
[33] [34

]
Chapter 6.
[35] [36] [37] [38] [39] [40]
Underfull \vbox (badness 2384) has occurred while \output is active []

 [41])
("C:\Users\Randall Holmes\Desktop\opus_src_3\Ch07.tex" [42]
Chapter 7.
[43

] [44]
Underfull \vbox (badness 10000) has occurred while \output is active []

 [45])
("C:\Users\Randall Holmes\Desktop\opus_src_3\Ch08.tex" [46]
Chapter 8.
[47

] [48] [49] [50] [51] [52] [53] [54])
("C:\Users\Randall Holmes\Desktop\opus_src_3\Ch09.tex" [55] [56

]
Chapter 9.
[57]
Underfull \vbox (badness 6708) has occurred while \output is active []

 [58]
[59] [60]) ("C:\Users\Randall Holmes\Desktop\opus_src_3\Ch10.tex" [61] [62

]
Chapter 10.
[63] [64]
Underfull \vbox (badness 1189) has occurred while \output is active []

 [65]
[66]) ("C:\Users\Randall Holmes\Desktop\opus_src_3\Ch11.tex" [67] [68

]
Chapter 11.
[69] [70] [71]
Underfull \vbox (badness 6876) has occurred while \output is active []

 [72]
[73] [74]
Underfull \vbox (badness 10000) has occurred while \output is active []

 [75]
Underfull \vbox (badness 10000) has occurred while \output is active []

 [76])
("C:\Users\Randall Holmes\Desktop\opus_src_3\Ch12.tex" [77] [78

]
Chapter 12.
[79] [80] [81] [82] [83] [84] [85] [86] [87] [88])
("C:\Users\Randall Holmes\Desktop\opus_src_3\Ch13.tex" [89] [90

]
Chapter 13.
[91] [92] [93] [94] [95] [96] [97])
("C:\Users\Randall Holmes\Desktop\opus_src_3\Ch14.tex" [98]
Chapter 14.
[99

] [100] [101]
Overfull \hbox (2.87004pt too wide) in paragraph at lines 210--216
\OT1/cmr/m/n/10 Strat-i-fied Com-pre-hen-sion[]). We de-fine the fol-low-ing or
-der on well-orderings:
 []

[102]
Underfull \vbox (badness 10000) has occurred while \output is active []

 [103])
("C:\Users\Randall Holmes\Desktop\opus_src_3\Ch15.tex" [104]
Chapter 15.
[105

] [106] [107] [108]
LaTeX Font Info:    Font shape `U/lasy/b/n' in size <7> not available
(Font)              Font shape `U/lasy/m/n' tried instead on input line 218.
 [109] [110] [111] [112] [113] [114] [115] [116]
[117] [118]) ("C:\Users\Randall Holmes\Desktop\opus_src_3\Ch16.tex" [119]
[120

]
Chapter 16.
[121]
Underfull \hbox (badness 10000) in paragraph at lines 84--92

 []

[122] [123] [124] [125]) ("C:\Users\Randall Holmes\Desktop\opus_src_3\Ch17.tex"
[126]
Chapter 17.
[127

] [128] [129]
Overfull \hbox (7.58607pt too wide) in paragraph at lines 170--175
[]$\OML/cmm/m/it/10 T\OMS/cmsy/m/n/10 f\OML/cmm/m/it/10 \OMS/cmsy/m/n/10 g[] \
OT1/cmr/m/n/10 = \OML/cmm/m/it/10 T\OMS/cmsy/m/n/10 f\OML/cmm/m/it/10 []\OMS/c
msy/m/n/10 g$ [] 
 []

[130]
Overfull \hbox (3.49771pt too wide) in paragraph at lines 221--223
[]$\OMS/cmsy/m/n/10 jP[]f\OML/cmm/m/it/10 V\OMS/cmsy/m/n/10 gj \OML/cmm/m/it/10
 < \OMS/cmsy/m/n/10 j\OML/cmm/m/it/10 V\OMS/cmsy/m/n/10 j$ \OT1/cmr/m/sl/10 (no
te that we can write this $\OMS/cmsy/m/n/10 j\OT1/cmr/m/n/10 1\OMS/cmsy/m/n/10 
j \OML/cmm/m/it/10 < \OMS/cmsy/m/n/10 j\OML/cmm/m/it/10 V\OMS/cmsy/m/n/10 j$ \O
T1/cmr/m/sl/10 or $\OML/cmm/m/it/10 T\OMS/cmsy/m/n/10 fj\OML/cmm/m/it/10 V\OMS/
cmsy/m/n/10 jg \OML/cmm/m/it/10 <$
 []

[131] [132] [133] [134] [135])
("C:\Users\Randall Holmes\Desktop\opus_src_3\Ch18.tex" [136]
Chapter 18.
[137

] [138] [139] [140] [141] [142] [143]
Underfull \hbox (badness 10000) in paragraph at lines 419--429

 []

[144] [145] [146] [147] [148] [149] [150]
Underfull \vbox (badness 2698) has occurred while \output is active []

 [151]
[152]) ("C:\Users\Randall Holmes\Desktop\opus_src_3\Ch19.tex" [153] [154

]
Chapter 19.

Underfull \vbox (badness 1629) has occurred while \output is active []

 [155]
[156] ("C:\Users\Randall Holmes\Desktop\opus_src_3\fig1.tex")
("C:\Users\Randall Holmes\Desktop\opus_src_3\fig2.tex")
("C:\Users\Randall Holmes\Desktop\opus_src_3\fig3.tex")
Overfull \hbox (3.341pt too wide) in paragraph at lines 156--165
[] 
 []


Overfull \hbox (1.24521pt too wide) in paragraph at lines 134--166
[][] [] [] 
 []

[157
Non-PDF special ignored!
Non-PDF special ignored!
Non-PDF special ignored!] [158] [159] [160] [161] [162])
("C:\Users\Randall Holmes\Desktop\opus_src_3\Ch20.tex" [163] [164

]
Chapter 20.
[165] [166]
Underfull \vbox (badness 1259) has occurred while \output is active []

 [167]
[168] [169] [170] [171] [172] [173] [174] [175] [176] [177] [178])
("C:\Users\Randall Holmes\Desktop\opus_src_3\Ch21.tex" [179] [180

]
Chapter 21.
[181] [182] [183] [184] [185] [186])
("C:\Users\Randall Holmes\Desktop\opus_src_3\Ch22.tex" [187] [188

]
Chapter 22.

Underfull \hbox (badness 10000) in paragraph at lines 10--24
[]\OT1/cmr/m/n/10 It is an ob-vi-ous ob-ser-va-tion that two sim-i-lar[] well-o
rder-
 []

[189] [190] [191]
Overfull \hbox (3.92697pt too wide) in paragraph at lines 216--216
[]\OT1/cmr/b/n/14.4 Classification of Car-di-nals and Solo-vay's The-
 []

[192] [193] [194] [195] [196] [197] [198] [199] [200] [201]) [202]
("C:\Users\Randall Holmes\Desktop\opus_src_3\Ch23.tex" [203] [204

]
Chapter 23.
[205] [206]
Underfull \vbox (badness 1917) has occurred while \output is active []

 [207]
[208] [209] [210] [211] [212]
Overfull \hbox (5.26799pt too wide) in paragraph at lines 457--466
$\OT1/cmr/m/n/10 (\OML/cmm/m/it/10 K\OMS/cmsy/m/n/10 d\OML/cmm/m/it/10 A\OT1/cm
r/m/n/10 )[](\OML/cmm/m/it/10 K\OT1/cmr/m/n/10 [\OML/cmm/m/it/10 a\OT1/cmr/m/n/
10 ]) = \OML/cmm/m/it/10 a$\OT1/cmr/m/n/10 . The ex-pres-sion $\OML/cmm/m/it/10
 T$ \OT1/cmr/m/n/10 may be re-placed by $(\OML/cmm/m/it/10 K\OMS/cmsy/m/n/10 d\
OML/cmm/m/it/10 A\OT1/cmr/m/n/10 )[](\OML/cmm/m/it/10 K\OT1/cmr/m/n/10 [\OML/cm
m/m/it/10 T\OT1/cmr/m/n/10 ])$,
 []

[213] [214]
Underfull \vbox (badness 10000) has occurred while \output is active []

 [215]
[216]) ("C:\Users\Randall Holmes\Desktop\opus_src_3\Ch24.tex" [217] [218

]
Chapter 24.
[219] [220] [221] [222] [223] [224] [225] [226])
("C:\Users\Randall Holmes\Desktop\opus_src_3\Ch25.tex" [227] [228

]
Appendix .

Underfull \vbox (badness 2103) has occurred while \output is active []

 [229]
[230] [231]
Underfull \vbox (badness 1092) has occurred while \output is active []

 [232])
("C:\Users\Randall Holmes\Desktop\opus_src_3\References.tex" [233] [234

]
! Undefined control sequence.
<argument> ...e \leftmargin \labelsep \if@openbib 
                                                  \advance \leftmargin \bibi...
l.1 \begin{thebibliography}{99}
                               
? 
! Extra \fi.
<argument> ...rindent \itemindent \parsep \z@ \fi 
                                                  \usecounter {enumiv}\let \...
l.1 \begin{thebibliography}{99}
                               
? 
! Undefined control sequence.
\thebibliography ...\arabic {enumiv}}}\if@openbib 
                                                  \renewcommand {\newblock }...
l.1 \begin{thebibliography}{99}
                               
? 
! Extra \else.
\thebibliography ...and {\newblock }{\par } \else 
                                                  \renewcommand {\newblock }...
l.1 \begin{thebibliography}{99}
                               
? 
! Extra \fi.
\thebibliography ...@plus .33em \@minus .07em}\fi 
                                                  \sloppy \clubpenalty 4000\...
l.1 \begin{thebibliography}{99}
                               
? 
[235] [236]) ("C:\Users\Randall Holmes\Desktop\opus_src_3\head.ind" [237]
[238

] [239] [240] [241] [242]
Underfull \hbox (badness 10000) in paragraph at lines 305--307
[]\OT1/cmr/m/n/10 Mac Lane set the-ory, \OT1/cmr/m/it/10 see
 []

[243] [244]
Underfull \hbox (badness 10000) in paragraph at lines 399--400
[]\OT1/cmr/m/n/10 Quine--Morse set the-ory, \OT1/cmr/m/it/10 see
 []

[245] [246] [247]) [248] ("C:\Users\Randall Holmes\Desktop\opus_src_3\head.aux"
) ) 
Here is how much of TeX's memory you used:
 1009 strings out of 494053
 14609 string characters out of 3146158
 60072 words of memory out of 3000000
 4201 multiletter control sequences out of 15000+200000
 21134 words of font info for 88 fonts, out of 3000000 for 9000
 715 hyphenation exceptions out of 8191
 25i,10n,24p,609b,300s stack positions out of 5000i,500n,10000p,200000b,50000s
<C:/Program Files (x86)/MiKTeX 2.9/fonts/type1/public/amsfonts/cm/cmb10.pfb>
<C:/Program Files (x86)/MiKTeX 2.9/fonts/type1/public/amsfonts/cm/cmbsy10.pfb><
C:/Program Files (x86)/MiKTeX 2.9/fonts/type1/public/amsfonts/cm/cmbx10.pfb><C:
/Program Files (x86)/MiKTeX 2.9/fonts/type1/public/amsfonts/cm/cmcsc10.pfb><C:/
Program Files (x86)/MiKTeX 2.9/fonts/type1/public/amsfonts/cm/cmex10.pfb><C:/Pr
ogram Files (x86)/MiKTeX 2.9/fonts/type1/public/amsfonts/cm/cmmi10.pfb><C:/Prog
ram Files (x86)/MiKTeX 2.9/fonts/type1/public/amsfonts/cm/cmmi12.pfb><C:/Progra
m Files (x86)/MiKTeX 2.9/fonts/type1/public/amsfonts/cm/cmmi5.pfb><C:/Program F
iles (x86)/MiKTeX 2.9/fonts/type1/public/amsfonts/cm/cmmi7.pfb><C:/Program File
s (x86)/MiKTeX 2.9/fonts/type1/public/amsfonts/cm/cmmi8.pfb><C:/Program Files (
x86)/MiKTeX 2.9/fonts/type1/public/amsfonts/cm/cmmib10.pfb><C:/Program Files (x
86)/MiKTeX 2.9/fonts/type1/public/amsfonts/cm/cmr10.pfb><C:/Program Files (x86)
/MiKTeX 2.9/fonts/type1/public/amsfonts/cm/cmr12.pfb><C:/Program Files (x86)/Mi
KTeX 2.9/fonts/type1/public/amsfonts/cm/cmr5.pfb><C:/Program Files (x86)/MiKTeX
 2.9/fonts/type1/public/amsfonts/cm/cmr7.pfb><C:/Program Files (x86)/MiKTeX 2.9
/fonts/type1/public/amsfonts/cm/cmr8.pfb><C:/Program Files (x86)/MiKTeX 2.9/fon
ts/type1/public/amsfonts/cm/cmr9.pfb><C:/Program Files (x86)/MiKTeX 2.9/fonts/t
ype1/public/amsfonts/cm/cmsl10.pfb><C:/Program Files (x86)/MiKTeX 2.9/fonts/typ
e1/public/amsfonts/cm/cmsy10.pfb><C:/Program Files (x86)/MiKTeX 2.9/fonts/type1
/public/amsfonts/cm/cmsy5.pfb><C:/Program Files (x86)/MiKTeX 2.9/fonts/type1/pu
blic/amsfonts/cm/cmsy7.pfb><C:/Program Files (x86)/MiKTeX 2.9/fonts/type1/publi
c/amsfonts/cm/cmti10.pfb><C:/Program Files (x86)/MiKTeX 2.9/fonts/type1/public/
amsfonts/cm/cmti8.pfb><C:/Program Files (x86)/MiKTeX 2.9/fonts/type1/public/ams
fonts/cm/cmtt8.pfb><C:/Program Files (x86)/MiKTeX 2.9/fonts/type1/public/amsfon
ts/latxfont/lasy10.pfb><C:/Program Files (x86)/MiKTeX 2.9/fonts/type1/public/am
sfonts/symbols/msam10.pfb><C:/Program Files (x86)/MiKTeX 2.9/fonts/type1/public
/amsfonts/symbols/msam7.pfb><C:/Program Files (x86)/MiKTeX 2.9/fonts/type1/publ
ic/amsfonts/symbols/msbm10.pfb>
Output written on head.pdf (244 pages, 983015 bytes).
PDF statistics:
 897 PDF objects out of 1000 (max. 8388607)
 0 named destinations out of 1000 (max. 500000)
 1 words of extra memory for PDF output out of 10000 (max. 10000000)

