This is TeX, C Version 3.14t3 (format=latex 95.10.23)  4 AUG 1998 10:53
**&latex2e-3 index
(index.tex
LaTeX2e <1995/06/01> patch level 3
)
*
! Interruption.
<*> 
    
? q
OK, entering \batchmode...
! Emergency stop.
<*> 
    
*** (job aborted, no legal \end found)

 
Here is how much of TeX's memory you used:
 3 strings out of 3461
 23 string characters out of 49628
 44055 words of memory out of 262141
 2929 multiletter control sequences out of 9500
 3640 words of font info for 14 fonts, out of 72000 for 255
 14 hyphenation exceptions out of 607
 4i,0n,3p,56b,16s stack positions out of 300i,40n,60p,3000b,4000s
No pages of output.
